TN:
SF:C:\Users\User1\Documents\GitHub\Housepital/src/Housepital-app/Housepital-app.js
FN:40,(anonymous_0)
FN:127,(anonymous_1)
FN:141,(anonymous_2)
FN:152,(anonymous_3)
FN:161,(anonymous_4)
FNF:5
FNH:1
FNDA:0,(anonymous_0)
FNDA:1,(anonymous_1)
FNDA:0,(anonymous_2)
FNDA:0,(anonymous_3)
FNDA:0,(anonymous_4)
DA:27,1
DA:31,1
DA:41,0
DA:128,1
DA:142,0
DA:153,0
DA:163,0
DA:165,0
DA:166,0
DA:168,0
DA:169,0
DA:171,0
DA:172,0
DA:174,0
DA:175,0
DA:182,1
LF:16
LH:4
BRDA:153,0,0,0
BRDA:153,0,1,0
BRDA:163,1,0,0
BRDA:163,1,1,0
BRDA:163,1,2,0
BRDA:163,1,3,0
BRF:6
BRH:0
end_of_record
TN:
SF:C:\Users\User1\Documents\GitHub\Housepital/src/Housepital-app/login-page.js
FN:13,(anonymous_0)
FN:60,(anonymous_1)
FN:70,(anonymous_2)
FN:85,(anonymous_3)
FN:90,(anonymous_4)
FN:97,(anonymous_5)
FNF:6
FNH:2
FNDA:2,(anonymous_0)
FNDA:2,(anonymous_1)
FNDA:0,(anonymous_2)
FNDA:0,(anonymous_3)
FNDA:0,(anonymous_4)
FNDA:0,(anonymous_5)
DA:14,2
DA:61,2
DA:72,0
DA:73,0
DA:74,0
DA:75,0
DA:77,0
DA:91,0
DA:92,0
DA:93,0
DA:94,0
DA:98,0
DA:99,0
DA:100,0
DA:101,0
DA:102,0
DA:107,2
LF:17
LH:3
BRDA:72,0,0,0
BRDA:72,0,1,0
BRDA:101,1,0,0
BRDA:101,1,1,0
BRF:4
BRH:0
end_of_record
