TN:
SF:C:\Users\User1\Documents\GitHub\Housepital/src/Housepital-app/Housepital-app.js
FN:40,(anonymous_0)
FN:130,(anonymous_1)
FN:148,(anonymous_2)
FN:159,(anonymous_3)
FN:168,(anonymous_4)
FNF:5
FNH:1
FNDA:0,(anonymous_0)
FNDA:1,(anonymous_1)
FNDA:0,(anonymous_2)
FNDA:0,(anonymous_3)
FNDA:0,(anonymous_4)
DA:27,1
DA:31,1
DA:41,0
DA:131,1
DA:149,0
DA:160,0
DA:170,0
DA:172,0
DA:173,0
DA:175,0
DA:176,0
DA:178,0
DA:179,0
DA:181,0
DA:182,0
DA:184,0
DA:185,0
DA:192,1
LF:18
LH:4
BRDA:160,0,0,0
BRDA:160,0,1,0
BRDA:170,1,0,0
BRDA:170,1,1,0
BRDA:170,1,2,0
BRDA:170,1,3,0
BRDA:170,1,4,0
BRF:7
BRH:0
end_of_record
TN:
SF:C:\Users\User1\Documents\GitHub\Housepital/src/Housepital-app/dashboard-page.js
FN:15,(anonymous_0)
FN:95,(anonymous_1)
FN:121,(anonymous_2)
FN:128,(anonymous_3)
FN:138,(anonymous_4)
FN:142,(anonymous_5)
FNF:6
FNH:4
FNDA:1,(anonymous_0)
FNDA:1,(anonymous_1)
FNDA:9,(anonymous_2)
FNDA:9,(anonymous_3)
FNDA:0,(anonymous_4)
FNDA:0,(anonymous_5)
DA:16,1
DA:96,1
DA:122,9
DA:125,9
DA:129,9
DA:130,9
DA:131,9
DA:132,9
DA:133,9
DA:140,0
DA:143,0
DA:145,0
DA:146,0
DA:148,0
DA:149,0
DA:150,0
DA:151,0
DA:165,1
LF:18
LH:10
BRDA:132,0,0,0
BRDA:132,0,1,9
BRDA:143,1,0,0
BRDA:143,1,1,0
BRF:4
BRH:1
end_of_record
TN:
SF:C:\Users\User1\Documents\GitHub\Housepital/src/Housepital-app/login-page.js
FN:13,(anonymous_0)
FN:58,(anonymous_1)
FN:68,(anonymous_2)
FN:83,(anonymous_3)
FN:88,(anonymous_4)
FN:97,(anonymous_5)
FNF:6
FNH:3
FNDA:1,(anonymous_0)
FNDA:1,(anonymous_1)
FNDA:1,(anonymous_2)
FNDA:0,(anonymous_3)
FNDA:0,(anonymous_4)
FNDA:0,(anonymous_5)
DA:14,1
DA:59,1
DA:70,1
DA:71,0
DA:72,0
DA:73,0
DA:74,0
DA:75,0
DA:89,0
DA:90,0
DA:91,0
DA:92,0
DA:93,0
DA:94,0
DA:98,0
DA:99,0
DA:100,0
DA:101,0
DA:102,0
DA:107,1
LF:20
LH:4
BRDA:70,0,0,0
BRDA:70,0,1,1
BRDA:101,1,0,0
BRDA:101,1,1,0
BRF:4
BRH:1
end_of_record
TN:
SF:C:\Users\User1\Documents\GitHub\Housepital/src/Housepital-app/patient-page.js
FN:19,(anonymous_0)
FN:117,(anonymous_1)
FN:139,(anonymous_2)
FN:144,(anonymous_3)
FN:148,(anonymous_4)
FN:158,(anonymous_5)
FN:167,(anonymous_6)
FN:170,(anonymous_7)
FN:175,(anonymous_8)
FN:179,(anonymous_9)
FN:185,(anonymous_10)
FN:200,(anonymous_11)
FNF:12
FNH:3
FNDA:1,(anonymous_0)
FNDA:1,(anonymous_1)
FNDA:0,(anonymous_2)
FNDA:0,(anonymous_3)
FNDA:0,(anonymous_4)
FNDA:0,(anonymous_5)
FNDA:0,(anonymous_6)
FNDA:0,(anonymous_7)
FNDA:1,(anonymous_8)
FNDA:0,(anonymous_9)
FNDA:0,(anonymous_10)
FNDA:0,(anonymous_11)
DA:20,1
DA:118,1
DA:140,0
DA:141,0
DA:149,0
DA:150,0
DA:151,0
DA:152,0
DA:162,0
DA:163,0
DA:171,0
DA:172,0
DA:173,0
DA:176,1
DA:177,1
DA:180,0
DA:181,0
DA:182,0
DA:186,0
DA:188,0
DA:189,0
DA:191,0
DA:192,0
DA:194,0
DA:195,0
DA:196,0
DA:201,0
DA:202,0
DA:203,0
DA:204,0
DA:205,0
DA:212,1
LF:32
LH:5
BRDA:186,0,0,0
BRDA:186,0,1,0
BRDA:186,0,2,0
BRDA:204,1,0,0
BRDA:204,1,1,0
BRF:5
BRH:0
end_of_record
